{"contracts/BlockSigner.sol":{"l":{"14":1,"15":1,"16":1,"18":1,"22":1},"path":"/Users/khaihkd/projects/tomo/tomo-master/contracts/BlockSigner.sol","s":{"1":1,"2":1,"3":1,"4":1},"b":{"1":[1,0],"2":[1,0]},"f":{"1":1,"2":1},"fnMap":{"1":{"name":"sign","line":12,"loc":{"start":{"line":12,"column":4},"end":{"line":12,"column":46}}},"2":{"name":"getSigners","line":21,"loc":{"start":{"line":21,"column":4},"end":{"line":21,"column":74}}}},"statementMap":{"1":{"start":{"line":14,"column":8},"end":{"line":14,"column":44}},"2":{"start":{"line":15,"column":8},"end":{"line":15,"column":57}},"3":{"start":{"line":18,"column":8},"end":{"line":18,"column":43}},"4":{"start":{"line":22,"column":8},"end":{"line":22,"column":41}}},"branchMap":{"1":{"line":14,"type":"if","locations":[{"start":{"line":14,"column":8},"end":{"line":14,"column":8}},{"start":{"line":14,"column":8},"end":{"line":14,"column":8}}]},"2":{"line":15,"type":"if","locations":[{"start":{"line":15,"column":8},"end":{"line":15,"column":8}},{"start":{"line":15,"column":8},"end":{"line":15,"column":8}}]}}},"contracts/interfaces/IValidator.sol":{"l":{},"path":"/Users/khaihkd/projects/tomo/tomo-master/contracts/interfaces/IValidator.sol","s":{},"b":{},"f":{},"fnMap":{},"statementMap":{},"branchMap":{}},"contracts/libs/SafeMath.sol":{"l":{"13":3,"14":0,"16":3,"17":3,"18":3,"28":3,"35":5,"36":5,"43":7,"44":7,"45":7},"path":"/Users/khaihkd/projects/tomo/tomo-master/contracts/libs/SafeMath.sol","s":{"1":3,"2":0,"3":3,"4":3,"5":3,"6":3,"7":5,"8":5,"9":7,"10":7,"11":7},"b":{"1":[0,3],"2":[3,0],"3":[5,0],"4":[7,0]},"f":{"1":3,"2":3,"3":5,"4":7},"fnMap":{"1":{"name":"mul","line":12,"loc":{"start":{"line":12,"column":2},"end":{"line":12,"column":68}}},"2":{"name":"div","line":24,"loc":{"start":{"line":24,"column":2},"end":{"line":24,"column":68}}},"3":{"name":"sub","line":34,"loc":{"start":{"line":34,"column":2},"end":{"line":34,"column":68}}},"4":{"name":"add","line":42,"loc":{"start":{"line":42,"column":2},"end":{"line":42,"column":68}}}},"statementMap":{"1":{"start":{"line":13,"column":4},"end":{"line":13,"column":280}},"2":{"start":{"line":14,"column":6},"end":{"line":14,"column":14}},"3":{"start":{"line":16,"column":4},"end":{"line":16,"column":20}},"4":{"start":{"line":17,"column":4},"end":{"line":17,"column":21}},"5":{"start":{"line":18,"column":4},"end":{"line":18,"column":12}},"6":{"start":{"line":28,"column":4},"end":{"line":28,"column":16}},"7":{"start":{"line":35,"column":4},"end":{"line":35,"column":17}},"8":{"start":{"line":36,"column":4},"end":{"line":36,"column":16}},"9":{"start":{"line":43,"column":4},"end":{"line":43,"column":20}},"10":{"start":{"line":44,"column":4},"end":{"line":44,"column":17}},"11":{"start":{"line":45,"column":4},"end":{"line":45,"column":12}}},"branchMap":{"1":{"line":13,"type":"if","locations":[{"start":{"line":13,"column":4},"end":{"line":13,"column":4}},{"start":{"line":13,"column":4},"end":{"line":13,"column":4}}]},"2":{"line":17,"type":"if","locations":[{"start":{"line":17,"column":4},"end":{"line":17,"column":4}},{"start":{"line":17,"column":4},"end":{"line":17,"column":4}}]},"3":{"line":35,"type":"if","locations":[{"start":{"line":35,"column":4},"end":{"line":35,"column":4}},{"start":{"line":35,"column":4},"end":{"line":35,"column":4}}]},"4":{"line":44,"type":"if","locations":[{"start":{"line":44,"column":4},"end":{"line":44,"column":4}},{"start":{"line":44,"column":4},"end":{"line":44,"column":4}}]}}},"contracts/TomoRandomize.sol":{"l":{"15":2,"16":2,"17":2,"21":1,"23":1,"24":1,"26":1,"28":1,"32":1,"34":1,"35":1,"37":1,"39":1,"44":1,"45":1,"47":1,"49":1,"53":0,"54":0,"56":0,"58":0},"path":"/Users/khaihkd/projects/tomo/tomo-master/contracts/TomoRandomize.sol","s":{"1":2,"2":2,"3":2,"4":1,"5":1,"6":1,"7":1,"8":1,"9":1,"10":1,"11":1,"12":1,"13":1,"14":1,"15":1,"16":1,"17":1,"18":0,"19":0,"20":0,"21":0},"b":{"1":[1,0],"2":[1,0],"3":[1,0],"4":[1,0],"5":[1,0],"6":[0,0]},"f":{"1":2,"2":1,"3":1,"4":1,"5":0},"fnMap":{"1":{"name":null,"line":14,"loc":{"start":{"line":14,"column":4},"end":{"line":14,"column":96}}},"2":{"name":"setSecret","line":20,"loc":{"start":{"line":20,"column":4},"end":{"line":20,"column":46}}},"3":{"name":"setOpening","line":31,"loc":{"start":{"line":31,"column":4},"end":{"line":31,"column":48}}},"4":{"name":"getSecret","line":43,"loc":{"start":{"line":43,"column":4},"end":{"line":43,"column":71}}},"5":{"name":"getOpening","line":52,"loc":{"start":{"line":52,"column":4},"end":{"line":52,"column":72}}}},"statementMap":{"1":{"start":{"line":15,"column":8},"end":{"line":15,"column":33}},"2":{"start":{"line":16,"column":8},"end":{"line":16,"column":43}},"3":{"start":{"line":17,"column":8},"end":{"line":17,"column":41}},"4":{"start":{"line":21,"column":8},"end":{"line":21,"column":45}},"5":{"start":{"line":23,"column":8},"end":{"line":23,"column":39}},"6":{"start":{"line":24,"column":8},"end":{"line":24,"column":82}},"7":{"start":{"line":26,"column":8},"end":{"line":26,"column":41}},"8":{"start":{"line":28,"column":8},"end":{"line":28,"column":41}},"9":{"start":{"line":32,"column":8},"end":{"line":32,"column":46}},"10":{"start":{"line":34,"column":8},"end":{"line":34,"column":39}},"11":{"start":{"line":35,"column":8},"end":{"line":35,"column":82}},"12":{"start":{"line":37,"column":8},"end":{"line":37,"column":70}},"13":{"start":{"line":39,"column":8},"end":{"line":39,"column":43}},"14":{"start":{"line":44,"column":8},"end":{"line":44,"column":39}},"15":{"start":{"line":45,"column":8},"end":{"line":45,"column":82}},"16":{"start":{"line":47,"column":8},"end":{"line":47,"column":40}},"17":{"start":{"line":49,"column":8},"end":{"line":49,"column":39}},"18":{"start":{"line":53,"column":8},"end":{"line":53,"column":39}},"19":{"start":{"line":54,"column":8},"end":{"line":54,"column":82}},"20":{"start":{"line":56,"column":8},"end":{"line":56,"column":41}},"21":{"start":{"line":58,"column":8},"end":{"line":58,"column":40}}},"branchMap":{"1":{"line":21,"type":"if","locations":[{"start":{"line":21,"column":8},"end":{"line":21,"column":8}},{"start":{"line":21,"column":8},"end":{"line":21,"column":8}}]},"2":{"line":26,"type":"if","locations":[{"start":{"line":26,"column":8},"end":{"line":26,"column":8}},{"start":{"line":26,"column":8},"end":{"line":26,"column":8}}]},"3":{"line":32,"type":"if","locations":[{"start":{"line":32,"column":8},"end":{"line":32,"column":8}},{"start":{"line":32,"column":8},"end":{"line":32,"column":8}}]},"4":{"line":37,"type":"if","locations":[{"start":{"line":37,"column":8},"end":{"line":37,"column":8}},{"start":{"line":37,"column":8},"end":{"line":37,"column":8}}]},"5":{"line":47,"type":"if","locations":[{"start":{"line":47,"column":8},"end":{"line":47,"column":8}},{"start":{"line":47,"column":8},"end":{"line":47,"column":8}}]},"6":{"line":56,"type":"if","locations":[{"start":{"line":56,"column":8},"end":{"line":56,"column":8}},{"start":{"line":56,"column":8},"end":{"line":56,"column":8}}]}}},"contracts/TomoValidator.sol":{"l":{"35":8,"36":7,"40":2,"41":2,"45":1,"46":1,"50":0,"51":0,"52":0,"56":2,"57":2,"61":7,"62":6,"66":2,"67":1,"73":8,"74":8,"75":8,"77":8,"78":8,"79":0,"86":0,"92":6,"93":6,"100":6,"101":6,"102":6,"106":2,"107":2,"108":2,"110":2,"111":2,"115":5,"119":0,"123":2,"127":0,"131":0,"135":3,"139":2,"143":5,"147":1,"148":1,"150":1,"151":1,"155":1,"156":1,"160":1,"161":1,"162":1,"163":1,"164":1,"165":1,"169":1,"170":1,"174":0,"175":0,"176":0,"177":0,"178":0,"179":0},"path":"/Users/khaihkd/projects/tomo/tomo-master/contracts/TomoValidator.sol","s":{"1":8,"2":2,"3":1,"4":0,"5":0,"6":2,"7":7,"8":2,"9":8,"10":8,"11":8,"12":8,"13":8,"14":0,"15":0,"16":6,"17":6,"18":6,"19":6,"20":2,"21":2,"22":2,"23":2,"24":5,"25":0,"26":2,"27":0,"28":0,"29":3,"30":2,"31":5,"32":1,"33":1,"34":1,"35":1,"36":1,"37":1,"38":1,"39":1,"40":1,"41":1,"42":1,"43":0,"44":0,"45":0,"46":0,"47":0},"b":{"1":[7,1],"2":[2,0],"3":[1,0],"4":[0,0],"5":[0,0],"6":[2,0],"7":[6,1],"8":[1,1],"9":[2,0],"10":[1,0]},"f":{"1":8,"2":2,"3":1,"4":0,"5":2,"6":7,"7":2,"8":8,"9":6,"10":2,"11":5,"12":0,"13":2,"14":0,"15":0,"16":3,"17":2,"18":5,"19":1,"20":1,"21":1,"22":0},"fnMap":{"1":{"name":"onlyValidCandidateCap","line":33,"loc":{"start":{"line":33,"column":4},"end":{"line":33,"column":32}}},"2":{"name":"onlyOwner","line":39,"loc":{"start":{"line":39,"column":4},"end":{"line":39,"column":40}}},"3":{"name":"onlyCandidate","line":44,"loc":{"start":{"line":44,"column":4},"end":{"line":44,"column":44}}},"4":{"name":"onlyAlreadyResigned","line":49,"loc":{"start":{"line":49,"column":4},"end":{"line":49,"column":50}}},"5":{"name":"onlyValidCandidate","line":55,"loc":{"start":{"line":55,"column":4},"end":{"line":55,"column":50}}},"6":{"name":"onlyNotCandidate","line":60,"loc":{"start":{"line":60,"column":4},"end":{"line":60,"column":48}}},"7":{"name":"onlyValidVote","line":65,"loc":{"start":{"line":65,"column":4},"end":{"line":65,"column":59}}},"8":{"name":null,"line":70,"loc":{"start":{"line":70,"column":4},"end":{"line":72,"column":14}}},"9":{"name":"propose","line":91,"loc":{"start":{"line":91,"column":4},"end":{"line":91,"column":123}}},"10":{"name":"vote","line":105,"loc":{"start":{"line":105,"column":4},"end":{"line":105,"column":83}}},"11":{"name":"getCandidates","line":114,"loc":{"start":{"line":114,"column":4},"end":{"line":114,"column":57}}},"12":{"name":"getCandidateCap","line":118,"loc":{"start":{"line":118,"column":4},"end":{"line":118,"column":75}}},"13":{"name":"getCandidateNodeUrl","line":122,"loc":{"start":{"line":122,"column":4},"end":{"line":122,"column":78}}},"14":{"name":"getCandidateOwner","line":126,"loc":{"start":{"line":126,"column":4},"end":{"line":126,"column":77}}},"15":{"name":"getCandidateWithdrawBlockNumber","line":130,"loc":{"start":{"line":130,"column":4},"end":{"line":130,"column":91}}},"16":{"name":"getVoterCap","line":134,"loc":{"start":{"line":134,"column":4},"end":{"line":134,"column":87}}},"17":{"name":"getVoters","line":138,"loc":{"start":{"line":138,"column":4},"end":{"line":138,"column":71}}},"18":{"name":"isCandidate","line":142,"loc":{"start":{"line":142,"column":4},"end":{"line":142,"column":68}}},"19":{"name":"unvote","line":146,"loc":{"start":{"line":146,"column":4},"end":{"line":146,"column":90}}},"20":{"name":"setNodeUrl","line":154,"loc":{"start":{"line":154,"column":4},"end":{"line":154,"column":87}}},"21":{"name":"resign","line":159,"loc":{"start":{"line":159,"column":4},"end":{"line":159,"column":92}}},"22":{"name":"withdraw","line":173,"loc":{"start":{"line":173,"column":4},"end":{"line":173,"column":129}}}},"statementMap":{"1":{"start":{"line":35,"column":8},"end":{"line":35,"column":44}},"2":{"start":{"line":40,"column":8},"end":{"line":40,"column":63}},"3":{"start":{"line":45,"column":8},"end":{"line":45,"column":55}},"4":{"start":{"line":50,"column":8},"end":{"line":50,"column":67}},"5":{"start":{"line":51,"column":8},"end":{"line":51,"column":79}},"6":{"start":{"line":56,"column":8},"end":{"line":56,"column":55}},"7":{"start":{"line":61,"column":8},"end":{"line":61,"column":56}},"8":{"start":{"line":66,"column":8},"end":{"line":66,"column":70}},"9":{"start":{"line":73,"column":8},"end":{"line":73,"column":52}},"10":{"start":{"line":74,"column":8},"end":{"line":74,"column":47}},"11":{"start":{"line":75,"column":8},"end":{"line":75,"column":55}},"12":{"start":{"line":77,"column":8},"end":{"line":77,"column":31}},"13":{"start":{"line":78,"column":8},"end":{"line":78,"column":2510}},"14":{"start":{"line":79,"column":12},"end":{"line":79,"column":2578}},"15":{"start":{"line":86,"column":12},"end":{"line":86,"column":46}},"16":{"start":{"line":93,"column":8},"end":{"line":93,"column":3050}},"17":{"start":{"line":100,"column":8},"end":{"line":100,"column":65}},"18":{"start":{"line":101,"column":8},"end":{"line":101,"column":42}},"19":{"start":{"line":102,"column":8},"end":{"line":102,"column":55}},"20":{"start":{"line":106,"column":8},"end":{"line":106,"column":87}},"21":{"start":{"line":107,"column":8},"end":{"line":107,"column":3627}},"22":{"start":{"line":110,"column":8},"end":{"line":110,"column":117}},"23":{"start":{"line":111,"column":8},"end":{"line":111,"column":52}},"24":{"start":{"line":115,"column":8},"end":{"line":115,"column":25}},"25":{"start":{"line":119,"column":8},"end":{"line":119,"column":46}},"26":{"start":{"line":123,"column":8},"end":{"line":123,"column":50}},"27":{"start":{"line":127,"column":8},"end":{"line":127,"column":48}},"28":{"start":{"line":131,"column":8},"end":{"line":131,"column":62}},"29":{"start":{"line":135,"column":8},"end":{"line":135,"column":57}},"30":{"start":{"line":139,"column":8},"end":{"line":139,"column":33}},"31":{"start":{"line":143,"column":8},"end":{"line":143,"column":54}},"32":{"start":{"line":147,"column":8},"end":{"line":147,"column":82}},"33":{"start":{"line":148,"column":8},"end":{"line":148,"column":112}},"34":{"start":{"line":151,"column":8},"end":{"line":151,"column":49}},"35":{"start":{"line":155,"column":8},"end":{"line":155,"column":53}},"36":{"start":{"line":156,"column":8},"end":{"line":156,"column":57}},"37":{"start":{"line":160,"column":8},"end":{"line":160,"column":54}},"38":{"start":{"line":161,"column":8},"end":{"line":161,"column":42}},"39":{"start":{"line":162,"column":8},"end":{"line":162,"column":5870}},"40":{"start":{"line":163,"column":12},"end":{"line":163,"column":5936}},"41":{"start":{"line":169,"column":8},"end":{"line":169,"column":150}},"42":{"start":{"line":170,"column":8},"end":{"line":170,"column":43}},"43":{"start":{"line":174,"column":8},"end":{"line":174,"column":67}},"44":{"start":{"line":175,"column":8},"end":{"line":175,"column":81}},"45":{"start":{"line":176,"column":8},"end":{"line":176,"column":57}},"46":{"start":{"line":177,"column":8},"end":{"line":177,"column":58}},"47":{"start":{"line":179,"column":8},"end":{"line":179,"column":50}}},"branchMap":{"1":{"line":35,"type":"if","locations":[{"start":{"line":35,"column":8},"end":{"line":35,"column":8}},{"start":{"line":35,"column":8},"end":{"line":35,"column":8}}]},"2":{"line":40,"type":"if","locations":[{"start":{"line":40,"column":8},"end":{"line":40,"column":8}},{"start":{"line":40,"column":8},"end":{"line":40,"column":8}}]},"3":{"line":45,"type":"if","locations":[{"start":{"line":45,"column":8},"end":{"line":45,"column":8}},{"start":{"line":45,"column":8},"end":{"line":45,"column":8}}]},"4":{"line":50,"type":"if","locations":[{"start":{"line":50,"column":8},"end":{"line":50,"column":8}},{"start":{"line":50,"column":8},"end":{"line":50,"column":8}}]},"5":{"line":51,"type":"if","locations":[{"start":{"line":51,"column":8},"end":{"line":51,"column":8}},{"start":{"line":51,"column":8},"end":{"line":51,"column":8}}]},"6":{"line":56,"type":"if","locations":[{"start":{"line":56,"column":8},"end":{"line":56,"column":8}},{"start":{"line":56,"column":8},"end":{"line":56,"column":8}}]},"7":{"line":61,"type":"if","locations":[{"start":{"line":61,"column":8},"end":{"line":61,"column":8}},{"start":{"line":61,"column":8},"end":{"line":61,"column":8}}]},"8":{"line":66,"type":"if","locations":[{"start":{"line":66,"column":8},"end":{"line":66,"column":8}},{"start":{"line":66,"column":8},"end":{"line":66,"column":8}}]},"9":{"line":107,"type":"if","locations":[{"start":{"line":107,"column":8},"end":{"line":107,"column":8}},{"start":{"line":107,"column":8},"end":{"line":107,"column":8}}]},"10":{"line":163,"type":"if","locations":[{"start":{"line":163,"column":12},"end":{"line":163,"column":12}},{"start":{"line":163,"column":12},"end":{"line":163,"column":12}}]}}}}