TN:
SF:/Users/khaihkd/projects/tomo/tomo-master/contracts/BlockSigner.sol
FN:12,sign
FN:21,getSigners
FNF:2
FNH:2
FNDA:1,sign
FNDA:1,getSigners
DA:14,1
DA:15,1
DA:16,1
DA:18,1
DA:22,1
LF:5
LH:5
BRDA:14,1,0,1
BRDA:14,1,1,0
BRDA:15,2,0,1
BRDA:15,2,1,0
BRF:4
BRH:2
end_of_record
TN:
SF:/Users/khaihkd/projects/tomo/tomo-master/contracts/interfaces/IValidator.sol
FNF:0
FNH:0
LF:0
LH:0
BRF:0
BRH:0
end_of_record
TN:
SF:/Users/khaihkd/projects/tomo/tomo-master/contracts/libs/SafeMath.sol
FN:12,mul
FN:24,div
FN:34,sub
FN:42,add
FNF:4
FNH:4
FNDA:3,mul
FNDA:3,div
FNDA:5,sub
FNDA:7,add
DA:13,3
DA:14,0
DA:16,3
DA:17,3
DA:18,3
DA:28,3
DA:35,5
DA:36,5
DA:43,7
DA:44,7
DA:45,7
LF:11
LH:10
BRDA:13,1,0,0
BRDA:13,1,1,3
BRDA:17,2,0,3
BRDA:17,2,1,0
BRDA:35,3,0,5
BRDA:35,3,1,0
BRDA:44,4,0,7
BRDA:44,4,1,0
BRF:8
BRH:4
end_of_record
TN:
SF:/Users/khaihkd/projects/tomo/tomo-master/contracts/TomoRandomize.sol
FN:14,
FN:20,setSecret
FN:31,setOpening
FN:43,getSecret
FN:52,getOpening
FNF:5
FNH:4
FNDA:2,
FNDA:1,setSecret
FNDA:1,setOpening
FNDA:1,getSecret
FNDA:0,getOpening
DA:15,2
DA:16,2
DA:17,2
DA:21,1
DA:23,1
DA:24,1
DA:26,1
DA:28,1
DA:32,1
DA:34,1
DA:35,1
DA:37,1
DA:39,1
DA:44,1
DA:45,1
DA:47,1
DA:49,1
DA:53,0
DA:54,0
DA:56,0
DA:58,0
LF:21
LH:17
BRDA:21,1,0,1
BRDA:21,1,1,0
BRDA:26,2,0,1
BRDA:26,2,1,0
BRDA:32,3,0,1
BRDA:32,3,1,0
BRDA:37,4,0,1
BRDA:37,4,1,0
BRDA:47,5,0,1
BRDA:47,5,1,0
BRDA:56,6,0,0
BRDA:56,6,1,0
BRF:12
BRH:5
end_of_record
TN:
SF:/Users/khaihkd/projects/tomo/tomo-master/contracts/TomoValidator.sol
FN:33,onlyValidCandidateCap
FN:39,onlyOwner
FN:44,onlyCandidate
FN:49,onlyAlreadyResigned
FN:55,onlyValidCandidate
FN:60,onlyNotCandidate
FN:65,onlyValidVote
FN:70,
FN:91,propose
FN:105,vote
FN:114,getCandidates
FN:118,getCandidateCap
FN:122,getCandidateNodeUrl
FN:126,getCandidateOwner
FN:130,getCandidateWithdrawBlockNumber
FN:134,getVoterCap
FN:138,getVoters
FN:142,isCandidate
FN:146,unvote
FN:154,setNodeUrl
FN:159,resign
FN:173,withdraw
FNF:22
FNH:17
FNDA:8,onlyValidCandidateCap
FNDA:2,onlyOwner
FNDA:1,onlyCandidate
FNDA:0,onlyAlreadyResigned
FNDA:2,onlyValidCandidate
FNDA:7,onlyNotCandidate
FNDA:2,onlyValidVote
FNDA:8,
FNDA:6,propose
FNDA:2,vote
FNDA:5,getCandidates
FNDA:0,getCandidateCap
FNDA:2,getCandidateNodeUrl
FNDA:0,getCandidateOwner
FNDA:0,getCandidateWithdrawBlockNumber
FNDA:3,getVoterCap
FNDA:2,getVoters
FNDA:5,isCandidate
FNDA:1,unvote
FNDA:1,setNodeUrl
FNDA:1,resign
FNDA:0,withdraw
DA:35,8
DA:36,7
DA:40,2
DA:41,2
DA:45,1
DA:46,1
DA:50,0
DA:51,0
DA:52,0
DA:56,2
DA:57,2
DA:61,7
DA:62,6
DA:66,2
DA:67,1
DA:73,8
DA:74,8
DA:75,8
DA:77,8
DA:78,8
DA:79,0
DA:86,0
DA:92,6
DA:93,6
DA:100,6
DA:101,6
DA:102,6
DA:106,2
DA:107,2
DA:108,2
DA:110,2
DA:111,2
DA:115,5
DA:119,0
DA:123,2
DA:127,0
DA:131,0
DA:135,3
DA:139,2
DA:143,5
DA:147,1
DA:148,1
DA:150,1
DA:151,1
DA:155,1
DA:156,1
DA:160,1
DA:161,1
DA:162,1
DA:163,1
DA:164,1
DA:165,1
DA:169,1
DA:170,1
DA:174,0
DA:175,0
DA:176,0
DA:177,0
DA:178,0
DA:179,0
LF:60
LH:46
BRDA:35,1,0,7
BRDA:35,1,1,1
BRDA:40,2,0,2
BRDA:40,2,1,0
BRDA:45,3,0,1
BRDA:45,3,1,0
BRDA:50,4,0,0
BRDA:50,4,1,0
BRDA:51,5,0,0
BRDA:51,5,1,0
BRDA:56,6,0,2
BRDA:56,6,1,0
BRDA:61,7,0,6
BRDA:61,7,1,1
BRDA:66,8,0,1
BRDA:66,8,1,1
BRDA:107,9,0,2
BRDA:107,9,1,0
BRDA:163,10,0,1
BRDA:163,10,1,0
BRF:20
BRH:11
end_of_record
